<?xml version="1.0" encoding="utf-8" standalone="no"?>
<test-results xmlns:xsi="http://www.w3.org/2001/XMLSchema-instance" xsi:noNamespaceSchemaLocation="nunit_schema_2.5.xsd" name="Pester" total="11" errors="0" failures="2" not-run="0" inconclusive="0" ignored="0" skipped="0" invalid="0" date="2024-09-11" time="15:00:13">
  <environment clr-version="4.0.30319.42000" user-domain="EDDIE" cwd="D:\Dropbox\Projects\BEE\venvit" platform="Microsoft Windows 10 Pro|C:\WINDOWS|\Device\Harddisk2\Partition3" machine-name="EDDIE" nunit-version="2.5.8.0" os-version="10.0.19045" user="hendr" />
  <culture-info current-culture="en-ZA" current-uiculture="en-US" />
  <test-suite type="TestFixture" name="Pester" executed="True" result="Failure" success="False" time="0.5607" asserts="0" description="Pester">
    <results>
      <test-suite type="TestFixture" name="D:\Dropbox\Projects\BEE\venvit\tests\Conclude-UpgradePrep.Tests.ps1" executed="True" result="Success" success="True" time="0.1556" asserts="0" description="D:\Dropbox\Projects\BEE\venvit\tests\Conclude-UpgradePrep.Tests.ps1">
        <results>
          <test-suite type="TestFixture" name="Upgrade.ps1 Tests" executed="True" result="Success" success="True" time="0.1046" asserts="0" description="Upgrade.ps1 Tests">
            <results>
              <test-case description="Should correctly import current and latest manifest files" name="Upgrade.ps1 Tests.Should correctly import current and latest manifest files" time="0.0274" asserts="0" success="True" result="Success" executed="True" />
              <test-case description="Should apply all necessary upgrades from 6.0.0 to 7.0.0" name="Upgrade.ps1 Tests.Should apply all necessary upgrades from 6.0.0 to 7.0.0" time="0.0295" asserts="0" success="True" result="Success" executed="True" />
              <test-case description="Should throw an error if manifest paths are not provided" name="Upgrade.ps1 Tests.Should throw an error if manifest paths are not provided" time="0.0156" asserts="0" success="True" result="Success" executed="True" />
              <test-case description="Should not call upgrade functions if current version equals latest version" name="Upgrade.ps1 Tests.Should not call upgrade functions if current version equals latest version" time="0.0214" asserts="0" success="True" result="Success" executed="True" />
            </results>
          </test-suite>
        </results>
      </test-suite>
      <test-suite type="TestFixture" name="D:\Dropbox\Projects\BEE\venvit\tests\Install.Tests.ps1" executed="True" result="Success" success="True" time="0.2064" asserts="0" description="D:\Dropbox\Projects\BEE\venvit\tests\Install.Tests.ps1">
        <results>
          <test-suite type="TestFixture" name="Install.ps1 script tests" executed="True" result="Success" success="True" time="0.1374" asserts="0" description="Install.ps1 script tests">
            <results>
              <test-case description="Should create a temporary directory and fetch the latest release tag from GitHub" name="Install.ps1 script tests.Should create a temporary directory and fetch the latest release tag from GitHub" time="0.0631" asserts="0" success="True" result="Success" executed="True" />
              <test-case description="Should clean up the temporary directory after execution" name="Install.ps1 script tests.Should clean up the temporary directory after execution" time="0.0641" asserts="0" success="True" result="Success" executed="True" />
            </results>
          </test-suite>
        </results>
      </test-suite>
      <test-suite type="TestFixture" name="D:\Dropbox\Projects\BEE\venvit\tests\Update-Manifest.Tests.ps1" executed="True" result="Success" success="True" time="0.1209" asserts="0" description="D:\Dropbox\Projects\BEE\venvit\tests\Update-Manifest.Tests.ps1">
        <results>
          <test-suite type="TestFixture" name="Update-Manifest script tests" executed="True" result="Success" success="True" time="0.0466" asserts="0" description="Update-Manifest script tests">
            <results>
              <test-suite type="TestFixture" name="Update-Manifest script tests.Convert-PyprojectToml function" executed="True" result="Success" success="True" time="0.0145" asserts="0" description="Update-Manifest script tests.Convert-PyprojectToml function">
                <results>
                  <test-case description="Should parse pyproject.toml and extract version, authors, and description" name="Update-Manifest script tests.Convert-PyprojectToml function.Should parse pyproject.toml and extract version, authors, and description" time="0.008" asserts="0" success="True" result="Success" executed="True" />
                </results>
              </test-suite>
              <test-suite type="TestFixture" name="Update-Manifest script tests.New-ManifestPsd1 function" executed="True" result="Success" success="True" time="0.0268" asserts="0" description="Update-Manifest script tests.New-ManifestPsd1 function">
                <results>
                  <test-case description="Should create manifest.psd1 with correct data" name="Update-Manifest script tests.New-ManifestPsd1 function.Should create manifest.psd1 with correct data" time="0.0076" asserts="0" success="True" result="Success" executed="True" />
                </results>
              </test-suite>
              <test-suite type="TestFixture" name="Update-Manifest script tests.Invoke-UpdateManifest function" executed="True" result="Success" success="True" time="0.0423" asserts="0" description="Update-Manifest script tests.Invoke-UpdateManifest function">
                <results>
                  <test-case description="Should create manifest.psd1 if pyproject.toml exists and is valid" name="Update-Manifest script tests.Invoke-UpdateManifest function.Should create manifest.psd1 if pyproject.toml exists and is valid" time="0.0112" asserts="0" success="True" result="Success" executed="True" />
                </results>
              </test-suite>
            </results>
          </test-suite>
        </results>
      </test-suite>
      <test-suite type="TestFixture" name="D:\Dropbox\Projects\BEE\venvit\tests\vn.Tests.ps1" executed="True" result="Failure" success="False" time="0.0779" asserts="0" description="D:\Dropbox\Projects\BEE\venvit\tests\vn.Tests.ps1">
        <results>
          <test-suite type="TestFixture" name="VenvNew" executed="True" result="Failure" success="False" time="0.0387" asserts="0" description="VenvNew">
            <results>
              <test-suite type="TestFixture" name="VenvNew.CreateDirIfNotExist" executed="True" result="Failure" success="False" time="0.0347" asserts="0" description="VenvNew.CreateDirIfNotExist">
                <results>
                  <test-case description="Creates a directory if it does not exist" name="VenvNew.CreateDirIfNotExist.Creates a directory if it does not exist" time="0.0148" asserts="0" success="False" result="Failure" executed="True">
                    <failure>
                      <message>[0] ParameterBindingException: A parameter cannot be found that matches parameter name 'h'.
[1] PSArgumentNullException: Cannot process argument because the value of argument "path" is null. Change the value of argument "path" to a non-null value.</message>
                      <stack-trace>[0] at &lt;ScriptBlock&gt;, D:\Dropbox\Projects\BEE\venvit\tests\vn.Tests.ps1:4
[1] at &lt;ScriptBlock&gt;, D:\Dropbox\Projects\BEE\venvit\tests\vn.Tests.ps1:15</stack-trace>
                    </failure>
                  </test-case>
                  <test-case description="Does not create a directory if it already exists" name="VenvNew.CreateDirIfNotExist.Does not create a directory if it already exists" time="0.0156" asserts="0" success="False" result="Failure" executed="True">
                    <failure>
                      <message>[0] ParameterBindingException: A parameter cannot be found that matches parameter name 'h'.
[1] PSArgumentNullException: Cannot process argument because the value of argument "path" is null. Change the value of argument "path" to a non-null value.</message>
                      <stack-trace>[0] at &lt;ScriptBlock&gt;, D:\Dropbox\Projects\BEE\venvit\tests\vn.Tests.ps1:4
[1] at &lt;ScriptBlock&gt;, D:\Dropbox\Projects\BEE\venvit\tests\vn.Tests.ps1:15</stack-trace>
                    </failure>
                  </test-case>
                </results>
              </test-suite>
            </results>
          </test-suite>
        </results>
      </test-suite>
    </results>
  </test-suite>
</test-results>